INFO:root:fetching url: https://www.cityofbell.org/?NavID=1
INFO:root:fetching url: https://www.cityofbell.org/?NavID=1
INFO:root:fetching url: https://www.cityofbell.org/?NavID=1
INFO:root:fetching url: https://www.baldwinparkpolice.com/Search?searchPhrase=manual
INFO:root:fetching url: https://www.cityofbell.org/?NavID=1
INFO:root:fetching url: https://www.baldwinparkpolice.com/Search?searchPhrase=manual
INFO:root:fetching url: https://www.baldwinparkpolice.com/Search?searchPhrase=manual
INFO:root:fetching url: https://www.baldwinparkpolice.com/Search?searchPhrase=manual
INFO:root:fetching url: https://www.cityofbell.org/?NavID=1
INFO:root:fetching url: https://www.cityofbishop.com/departments/police/
INFO:root:fetching url: https://www.hollywoodburbankairport.com/airport-authority/bgpaa-police/
INFO:root:fetching url: https://ci.carmel.ca.us/
INFO:root:fetching url: https://www.cerritos.edu/police/default.htm
INFO:root:fetching url: https://www.goldenwestcollege.edu/public-safety/index.html
ERROR:root:caught article error: Article `download()` failed with HTTPSConnectionPool(host='www.goldenwestcollege.edu', port=443): Max retries exceeded with url: /public-safety/index.html (Caused by SSLError(SSLCertVerificationError(1, '[SSL: CERTIFICATE_VERIFY_FAILED] certificate verify failed: unable to get local issuer certificate (_ssl.c:997)'))) on URL https://www.goldenwestcollege.edu/public-safety/index.html
INFO:root:fetching url: https://www.compton.edu/campus-safety/index.aspx
INFO:root:fetching url: https://www.corning.org/departments/police-department/
INFO:root:fetching url: https://www.crescentcity.org/departments/Police
INFO:root:fetching url: https://www.csum.edu/police-department/
INFO:root:fetching url: https://upd.sfsu.edu/
INFO:root:fetching url: https://www.csustan.edu/upd
INFO:root:fetching url: https://www.erusd.org/apps/pages/index.jsp?uREC_ID=155468&type=d&pREC_ID=2200244
INFO:root:fetching url: https://www.fusd.net/domain/245
INFO:root:fetching url: https://police.fhda.edu/
INFO:root:fetching url: https://www.fecrpd.com/park-police
INFO:root:fetching url: https://www.glendaleca.gov/government/departments/community-services-parks/csp-policies-procedures
INFO:root:fetching url: https://icso.imperialcounty.org/
INFO:root:fetching url: https://www.lakeshastina.com/lscsdinfo.htm
ERROR:root:caught article error: Article `download()` failed with 404 Client Error: Not Found for url: https://www.lakeshastina.com/lscsdinfo.htm on URL https://www.lakeshastina.com/lscsdinfo.htm
INFO:root:fetching url: https://www.ci.lathrop.ca.us/police
ERROR:root:caught article error: Article `download()` failed with 403 Client Error: Forbidden - Reason: Your User-Agent is banned from this site. for url: https://www.ci.lathrop.ca.us/police on URL https://www.ci.lathrop.ca.us/police
INFO:root:fetching url: https://www.mariposacounty.org/82/Sheriffs-Office
INFO:root:fetching url: https://www.montebello.k12.ca.us/apps/pages/index.jsp?uREC_ID=2210591&type=d&pREC_ID=2195302
INFO:root:fetching url: http://www.ohapd.org/
INFO:root:fetching url: https://www.ci.oakley.ca.us/departments/police/
INFO:root:fetching url: https://www.portsanluis.com/
INFO:root:fetching url: http://www.salinaspd.com/
INFO:root:fetching url: https://sbccd.edu/district-services/police-department/index.php
INFO:root:fetching url: https://www.sbcusd.com/departments/district-police
INFO:root:fetching url: https://www.smcsheriff.com/patrol-services/san-carlos-police-bureau
ERROR:root:caught article error: Article `download()` failed with HTTPSConnectionPool(host='www.smcsheriff.com', port=443): Max retries exceeded with url: /patrol-services/san-carlos-police-bureau (Caused by SSLError(SSLCertVerificationError(1, '[SSL: CERTIFICATE_VERIFY_FAILED] certificate verify failed: unable to get local issuer certificate (_ssl.c:997)'))) on URL https://www.smcsheriff.com/patrol-services/san-carlos-police-bureau
INFO:root:fetching url: https://www.sdccd.edu/about/departments-and-offices/police-department/
INFO:root:fetching url: https://www.ccsf.edu/campus-police
INFO:root:fetching url: http://www.sjeccd.edu/district-services/district-police
INFO:root:fetching url: http://www.solano.edu/police/
INFO:root:fetching url: https://www.stallionspringscsd.com/police-department-ec708c6
INFO:root:fetching url: https://www.scccd.edu/departments/police/index.html
INFO:root:fetching url: http://www.cityofsusanville.net/rooptown/police-department/
ERROR:root:caught article error: Article `download()` failed with HTTPSConnectionPool(host='www.cityofsusanville.net', port=443): Read timed out. (read timeout=7) on URL http://www.cityofsusanville.net/rooptown/police-department/
INFO:root:fetching url: https://cityofsuttercreek.org/sutter-creek-police-department/
INFO:root:fetching url: http://tularecounty.ca.gov/probation/
INFO:root:fetching url: http://www.cityoftulelake.com/departments/police-department
ERROR:root:caught article error: Article `download()` failed with 404 Client Error: Not Found for url: http://cityoftulelake.com/departments/police-department on URL http://www.cityoftulelake.com/departments/police-department
INFO:root:fetching url: https://police-department-valverde.schoolblocks.com/en-US
INFO:root:fetching url: https://yc.yccd.edu/campus/safety/
INFO:root:fetching url: https://www.alcoda.org
INFO:root:fetching url: https://www.alamedacountysheriff.org
INFO:root:fetching url: https://www.alamedaca.gov
INFO:root:fetching url: https://www.albanyca.org/departments/police-department
INFO:root:fetching url: https://www.cityofalhambra.org/231/Police-Department
INFO:root:fetching url: https://www.alpinecountyca.gov/204/Sheriff
INFO:root:fetching url: http://www.cityofalturas.us/departments/public_safety/index.php
INFO:root:fetching url: https://www.amadorsheriff.org
INFO:root:fetching url: https://police.losrios.edu
INFO:root:fetching url: https://www.anaheim.net/178/About
INFO:root:fetching url: https://www.andersonpolice.org
INFO:root:fetching url: https://angelscamp.gov/police/
INFO:root:fetching url: https://www.antiochca.gov/police/
INFO:root:fetching url: https://www.avusd.org/departments/district-police
INFO:root:fetching url: https://www.arcadiaca.gov/protect/police_department/index.php
INFO:root:fetching url: https://www.cityofarcata.org/206/Police
INFO:root:fetching url: http://www.agpd.org
INFO:root:fetching url: https://www.arvin.org/181/Police
INFO:root:fetching url: https://www.atascadero.org
INFO:root:fetching url: https://www.ci.atherton.ca.us/635/Police-Department
INFO:root:fetching url: https://www.atwater.org/departments/police/
INFO:root:fetching url: https://www.auburn.ca.gov/168/Police
INFO:root:fetching url: https://www.cityofavenal.com/217/Police
INFO:root:fetching url: https://azusapd.org
INFO:root:fetching url: https://www.bakersfieldcity.us/257/Police
INFO:root:fetching url: http://www.banning.ca.us/17/Banning-Police-Department
INFO:root:fetching url: https://www.barstowca.org/departments/police
INFO:root:fetching url: https://www.bart.gov/about/police
INFO:root:fetching url: https://www.bvcsd.com/police-department
INFO:root:fetching url: http://beaumontpd.org
INFO:root:fetching url: https://www.bellgardens.org/government/public-safety/police-department
INFO:root:fetching url: https://www.belmont.gov/departments/police
INFO:root:fetching url: https://www.cityofbelvedere.org/117/Police
INFO:root:fetching url: https://www.ci.benicia.ca.us/police
INFO:root:fetching url: https://berkeleyca.gov/safety-health/police
INFO:root:fetching url: https://www.beverlyhills.org/departments/policedepartment/
INFO:root:fetching url: https://www.cityofblythe.ca.gov/19/Police-Department
INFO:root:fetching url: https://www.brawley-ca.gov/section/Police-Department
INFO:root:fetching url: https://www.ci.brea.ca.us/1595/Police-Services
INFO:root:fetching url: https://www.brentwoodca.gov/government/police
INFO:root:fetching url: https://www.brisbaneca.org/police
ERROR:root:caught article error: Article `download()` failed with 403 Client Error: Forbidden - Reason: Your User-Agent is banned from this site. for url: https://www.brisbaneca.org/police on URL https://www.brisbaneca.org/police
INFO:root:fetching url: https://www.broadmoorpolice.com
INFO:root:fetching url: https://www.bppd.com/
INFO:root:fetching url: https://www.burbankpd.org
INFO:root:fetching url: https://www.burlingame.org/departments/police_department/index.php
INFO:root:fetching url: https://www.buttecounty.net/1393/SheriffCoroner
INFO:root:fetching url: https://sheriff.calaverasgov.us
INFO:root:fetching url: https://www.calexico.ca.gov/index.asp?SEC=029A22CB-1659-4003-84BC-20534F81C51A
INFO:root:fetching url: https://www.californiacity-ca.gov/CC/index.php/departments-1/finance-5
INFO:root:fetching url: https://www.ci.calistoga.ca.us/city-hall/departments-services/police-department
INFO:root:fetching url: https://www.campbellca.gov/1030/Police-Department
INFO:root:fetching url: https://www.cityofcapitola.org/police
ERROR:root:caught article error: Article `download()` failed with 403 Client Error: Forbidden - Reason: Your User-Agent is banned from this site. for url: https://www.cityofcapitola.org/police on URL https://www.cityofcapitola.org/police
INFO:root:fetching url: https://www.carlsbadca.gov/departments/police
INFO:root:fetching url: https://ci.carmel.ca.us/police-fire
INFO:root:fetching url: http://www.cathedralcitypolice.com
INFO:root:fetching url: https://www.centralmarinpolice.org
INFO:root:fetching url: https://www.ci.calistoga.ca.us/city-hall/departments-services/police-department
INFO:root:fetching url: https://www.chaffey.edu/police/index.php
INFO:root:fetching url: https://chico.ca.us/police-department
INFO:root:fetching url: https://www.cityofchino.org/231/Police
INFO:root:fetching url: https://www.cityofchowchilla.org/176/Police-Department
INFO:root:fetching url: https://www.chulavistaca.gov/departments/police-department
INFO:root:fetching url: http://www.citrusheights.net/1254/Police-Department
INFO:root:fetching url: https://www.ci.claremont.ca.us/government/departments-divisions/police-department
INFO:root:fetching url: https://claytonca.gov/police/
INFO:root:fetching url: https://clearlake.ca.us/210/Police-Department
INFO:root:fetching url: https://www.cloverdale.net/78/Police
INFO:root:fetching url: https://cityofclovis.com/police/
INFO:root:fetching url: https://www.cusd.com/PoliceServices.aspx
INFO:root:fetching url: https://www.coalinga.com/150/Police
INFO:root:fetching url: https://www.goldenwestcollege.edu
ERROR:root:caught article error: Article `download()` failed with HTTPSConnectionPool(host='www.goldenwestcollege.edu', port=443): Max retries exceeded with url: / (Caused by SSLError(SSLCertVerificationError(1, '[SSL: CERTIFICATE_VERIFY_FAILED] certificate verify failed: unable to get local issuer certificate (_ssl.c:997)'))) on URL https://www.goldenwestcollege.edu
INFO:root:fetching url: https://www.colma.ca.gov/departments/police/
INFO:root:fetching url: https://www.coltonpd.org
INFO:root:fetching url: https://www.countyofcolusa.org/357/District-Attorney
INFO:root:fetching url: https://www.countyofcolusa.org/156/Sheriff
INFO:root:fetching url: https://cityofcolusa.com/police-department/
INFO:root:fetching url: https://www.cityofconcord.org/183/Police
INFO:root:fetching url: https://www.4cd.edu/pd/index.html
INFO:root:fetching url: https://www.contracosta.ca.gov/7284/District-Attorney
INFO:root:fetching url: https://www.cocosheriff.org
INFO:root:fetching url: https://www.cityofcorcoran.com/departments/police/index.php
INFO:root:fetching url: https://www.coronaca.gov/government/departments/police-department
INFO:root:fetching url: https://www.coronado.ca.us/166/Police
INFO:root:fetching url: https://www.costamesaca.gov/government/departments-and-divisions/police
INFO:root:fetching url: https://police.losrios.edu
INFO:root:fetching url: https://www.cotaticity.org/229/Police
INFO:root:fetching url: https://covinaca.gov
ERROR:root:caught article error: Article `download()` failed with 403 Client Error: Forbidden - Reason: Your User-Agent is banned from this site. for url: https://covinaca.gov/ on URL https://covinaca.gov
INFO:root:fetching url: https://www.cpp.edu/police/index.shtml
INFO:root:fetching url: https://afd.calpoly.edu/police/
INFO:root:fetching url: https://www.csub.edu/bas/police/
INFO:root:fetching url: https://www.csuci.edu/publicsafety/police/
INFO:root:fetching url: https://www.csuchico.edu/up/
INFO:root:fetching url: https://www.csudh.edu/dhpd/
INFO:root:fetching url: https://www.csueastbay.edu/upd/
INFO:root:fetching url: https://adminfinance.fresnostate.edu/police/
INFO:root:fetching url: https://police.fullerton.edu
INFO:root:fetching url: https://police.humboldt.edu
INFO:root:fetching url: https://www.csulb.edu/university-police
INFO:root:fetching url: https://www.calstatela.edu/police
INFO:root:fetching url: https://csumb.edu/police/
INFO:root:fetching url: https://www.csun.edu/police
INFO:root:fetching url: https://www.csus.edu/campus-safety/police-department/
INFO:root:fetching url: https://www.csusb.edu/police
INFO:root:fetching url: https://police.sdsu.edu
INFO:root:fetching url: https://www.sjsu.edu/police/
INFO:root:fetching url: https://www.csusm.edu
INFO:root:fetching url: https://web.sonoma.edu
INFO:root:fetching url: https://www.csustan.edu
INFO:root:fetching url: https://www.cuesta.edu
INFO:root:fetching url: https://www.culvercitypd.org
INFO:root:fetching url: https://www.cypressca.org
INFO:root:fetching url: https://www.dalycity.org/
INFO:root:fetching url: https://www.cityofdavis.org
INFO:root:fetching url: http://www.co.del-norte.ca.us
INFO:root:fetching url: https://www.delreyoaks.org
ERROR:root:caught article error: Article `download()` failed with 403 Client Error: Forbidden - Reason: Your User-Agent is banned from this site. for url: https://www.delreyoaks.org/ on URL https://www.delreyoaks.org
INFO:root:fetching url: http://www.cityofdelano.org
INFO:root:fetching url: https://www.cityofdhs.org
INFO:root:fetching url: http://www.dinuba.org
INFO:root:fetching url: https://www.dixonpolice.org
INFO:root:fetching url: https://www.dospalospd.org
INFO:root:fetching url: https://www.downeyca.org
INFO:root:fetching url: https://www.ebparks.org
INFO:root:fetching url: https://www.cityofepa.org
ERROR:root:caught article error: Article `download()` failed with 403 Client Error: Forbidden - Reason: Your User-Agent is banned from this site. for url: https://www.cityofepa.org/ on URL https://www.cityofepa.org
INFO:root:fetching url: https://docs.cityofelcajon.us
INFO:root:fetching url: https://www.elcamino.edu
INFO:root:fetching url: http://www.cityofelcentro.org
INFO:root:fetching url: https://www.el-cerrito.org
INFO:root:fetching url: https://www.edcgov.us
INFO:root:fetching url: https://www.ci.el-monte.ca.us
INFO:root:fetching url: https://www.elsegundopd.org
INFO:root:fetching url: http://www.elkgrovepd.org
INFO:root:fetching url: https://www.ci.emeryville.ca.us
INFO:root:fetching url: http://www.cityofescalon.org
INFO:root:fetching url: https://police.escondido.org
INFO:root:fetching url: https://www.etnaca.com
INFO:root:fetching url: http://www.ci.eureka.ca.gov
INFO:root:fetching url: https://cityofexeter.com/departments/exeter-police-department/
INFO:root:fetching url: https://www.townoffairfax.org
INFO:root:fetching url: http://www.fairfield.ca.gov
INFO:root:fetching url: https://www.cityoffarmersville-ca.gov
INFO:root:fetching url: https://ci.ferndale.ca.us
INFO:root:fetching url: https://firebaugh.org
INFO:root:fetching url: https://police.losrios.edu
INFO:root:fetching url: https://www.folsom.ca.us
INFO:root:fetching url: https://www.fontana.org
INFO:root:fetching url: https://city.fortbragg.com
INFO:root:fetching url: https://www.friendlyfortuna.com
INFO:root:fetching url: https://www.fostercity.org
ERROR:root:caught article error: Article `download()` failed with 403 Client Error: Forbidden - Reason: Your User-Agent is banned from this site. for url: https://www.fostercity.org/ on URL https://www.fostercity.org
INFO:root:fetching url: https://www.fountainvalley.org
INFO:root:fetching url: http://fowlercity.org
INFO:root:fetching url: https://www.fremontpolice.gov
INFO:root:fetching url: https://publicinfo.fresnosheriff.org
ERROR:root:caught article error: Article `download()` failed with 403 Client Error: Forbidden for url: https://publicinfo.fresnosheriff.org/ on URL https://publicinfo.fresnosheriff.org
INFO:root:fetching url: https://www.fresno.gov
INFO:root:fetching url: http://www.fullertonpd.org
INFO:root:fetching url: http://www.ci.galt.ca.us
INFO:root:fetching url: https://ggcity.org/police
INFO:root:fetching url: http://www.gardenapd.org
INFO:root:fetching url: http://www.cityofgilroy.org
INFO:root:fetching url: https://www.glendale.edu
INFO:root:fetching url: https://www.glendaleca.gov/government/departments/police-department
INFO:root:fetching url: https://www.cityofglendora.org
INFO:root:fetching url: https://www.countyofglenn.net
INFO:root:fetching url: https://gonzalesca.gov
INFO:root:fetching url: https://www.cityofgrassvalley.com
INFO:root:fetching url: https://ci.greenfield.ca.us
INFO:root:fetching url: http://gridley.ca.us
INFO:root:fetching url: https://www.grover.org
INFO:root:fetching url: https://ci.guadalupe.ca.us
INFO:root:fetching url: https://www.cityofgustine.com
INFO:root:fetching url: https://www.ci.hanford.ca.us/departments/police/index.php
ERROR:root:caught article error: Article `download()` failed with 404 Client Error: Not Found for url: https://www.ci.hanford.ca.us/departments/police/index.php on URL https://www.ci.hanford.ca.us/departments/police/index.php
INFO:root:fetching url: https://hawthornepolice.com
INFO:root:fetching url: https://www.hayward-ca.gov/police-department
INFO:root:fetching url: https://www.ci.healdsburg.ca.us
INFO:root:fetching url: http://www.hemetca.gov
INFO:root:fetching url: https://www.ci.hercules.ca.us
INFO:root:fetching url: https://www.hermosabeach.gov
INFO:root:fetching url: https://www.hillsborough.net
INFO:root:fetching url: http://hollister.ca.gov
INFO:root:fetching url: https://humboldtgov.org
INFO:root:fetching url: https://www.huntingtonbeachca.gov
INFO:root:fetching url: http://hppolice.org
INFO:root:fetching url: http://cityofhuron.com
INFO:root:fetching url: https://www.cityofimperial.org
INFO:root:fetching url: https://www.indio.org
INFO:root:fetching url: https://www.cityofinglewood.org
INFO:root:fetching url: https://www.inyocounty.us
INFO:root:fetching url: https://www.ione-ca.com
INFO:root:fetching url: https://www.cityofirvine.org
ERROR:root:caught article error: Article `download()` failed with HTTPSConnectionPool(host='www.cityofirvine.org', port=443): Max retries exceeded with url: / (Caused by SSLError(SSLCertVerificationError(1, '[SSL: CERTIFICATE_VERIFY_FAILED] certificate verify failed: unable to get local issuer certificate (_ssl.c:997)'))) on URL https://www.cityofirvine.org
INFO:root:fetching url: https://www.irwindaleca.gov
INFO:root:fetching url: https://www.ci.jackson.ca.us
INFO:root:fetching url: https://www.kppcsd.org
INFO:root:fetching url: https://cityofkerman.net
INFO:root:fetching url: https://www.kernsheriff.org
INFO:root:fetching url: http://www.kingcity.com
INFO:root:fetching url: https://www.countyofkings.com
INFO:root:fetching url: https://www.cityofkingsburg-ca.gov
INFO:root:fetching url: https://www.lahabracity.com
ERROR:root:caught article error: Article `download()` failed with ('Connection aborted.', ConnectionResetError(10054, 'An existing connection was forcibly closed by the remote host', None, 10054, None)) on URL https://www.lahabracity.com
INFO:root:fetching url: https://www.cityoflamesa.us
INFO:root:fetching url: https://www.cityoflapalma.org
INFO:root:fetching url: https://www.lvpd.org
INFO:root:fetching url: https://www.lagunabeachcity.net
INFO:root:fetching url: http://www.lakesheriff.com
INFO:root:fetching url: https://www.cityoflakeport.com
INFO:root:fetching url: http://www.lassencounty.org
INFO:root:fetching url: https://lemoore.com
INFO:root:fetching url: http://www.lincolnca.gov
INFO:root:fetching url: https://www.lindsay.ca.us
ERROR:root:caught article error: Article `download()` failed with 403 Client Error: Forbidden - Reason: Your User-Agent is banned from this site. for url: https://www.lindsay.ca.us/ on URL https://www.lindsay.ca.us
INFO:root:fetching url: https://www.livermoreca.gov/
INFO:root:fetching url: https://livingston.govoffice2.com
ERROR:root:caught article error: Article `download()` failed with 404 Client Error: Not Found for url: https://livingston.govoffice2.com/ on URL https://livingston.govoffice2.com
INFO:root:fetching url: http://www.lodi.gov
INFO:root:fetching url: https://www.cityoflompoc.com
INFO:root:fetching url: https://citydocs.longbeach.gov
INFO:root:fetching url: https://cityoflosalamitos.org
INFO:root:fetching url: https://www.losaltosca.gov
ERROR:root:caught article error: Article `download()` failed with 403 Client Error: Forbidden - Reason: Your User-Agent is banned from this site. for url: https://www.losaltosca.gov/ on URL https://www.losaltosca.gov
INFO:root:fetching url: https://www.laparks.org
INFO:root:fetching url: http://da.lacounty.gov
INFO:root:fetching url: https://probation.lacounty.gov
INFO:root:fetching url: http://pars.lasd.org
INFO:root:fetching url: https://lapdonline.org
INFO:root:fetching url: https://www.portoflosangeles.org/community/los-angeles-port-police
INFO:root:fetching url: https://achieve.lausd.net
INFO:root:fetching url: https://www.lawa.org
INFO:root:fetching url: http://www.losbanos.org
INFO:root:fetching url: https://www.losgatosca.gov
INFO:root:fetching url: https://police.losrios.edu
INFO:root:fetching url: https://www.maderacounty.com
INFO:root:fetching url: https://www.madera.gov
ERROR:root:caught article error: Article `download()` failed with HTTPSConnectionPool(host='www.madera.gov', port=443): Max retries exceeded with url: / (Caused by SSLError(SSLCertVerificationError(1, '[SSL: CERTIFICATE_VERIFY_FAILED] certificate verify failed: unable to get local issuer certificate (_ssl.c:997)'))) on URL https://www.madera.gov
INFO:root:fetching url: https://www.townofmammothlakes.ca.gov
INFO:root:fetching url: https://www.citymb.info
INFO:root:fetching url: https://www.ci.manteca.ca.us
INFO:root:fetching url: http://police.marin.edu
INFO:root:fetching url: https://www.marinsheriff.org
INFO:root:fetching url: https://www.cityofmarina.org
INFO:root:fetching url: https://www.cityofmartinez.org
INFO:root:fetching url: https://www.marysvillepd.org
INFO:root:fetching url: http://www.mcfarlandcity.org
INFO:root:fetching url: https://mendocinosheriff.com
INFO:root:fetching url: https://www.ci.mendota.ca.us
INFO:root:fetching url: https://menifeepolice.org
INFO:root:fetching url: https://www.menlopark.org
INFO:root:fetching url: http://www.mccd.edu
INFO:root:fetching url: https://www.co.merced.ca.us
INFO:root:fetching url: https://www.cityofmerced.org
INFO:root:fetching url: https://www.cityofmillvalley.org
INFO:root:fetching url: https://www.milpitas.gov/
INFO:root:fetching url: https://miracosta.edu
INFO:root:fetching url: https://www.modestogov.com
INFO:root:fetching url: https://www.modocsheriff.us
INFO:root:fetching url: https://monosheriff.org
INFO:root:fetching url: https://www.cityofmonrovia.org
INFO:root:fetching url: https://www.cityofmontclair.org
INFO:root:fetching url: https://www.montebelloca.gov/
INFO:root:fetching url: https://montereysheriff.org
INFO:root:fetching url: http://www.montereypark.ca.gov
INFO:root:fetching url: https://www.monterey.org
INFO:root:fetching url: https://police.moraga.ca.us
ERROR:root:caught article error: Article `download()` failed with HTTPSConnectionPool(host='police.moraga.ca.us', port=443): Max retries exceeded with url: / (Caused by SSLError(SSLCertVerificationError(1, '[SSL: CERTIFICATE_VERIFY_FAILED] certificate verify failed: certificate has expired (_ssl.c:997)'))) on URL https://police.moraga.ca.us
INFO:root:fetching url: https://morgan-hill.ca.gov
INFO:root:fetching url: https://www.morro-bay.ca.us
INFO:root:fetching url: https://mvpdpublicrecords.org
INFO:root:fetching url: https://mtshastaca.gov
INFO:root:fetching url: https://www.murrietaca.gov
INFO:root:fetching url: https://www.countyofnapa.org
INFO:root:fetching url: https://www.cityofnapa.org
INFO:root:fetching url: https://www.napavalley.edu
INFO:root:fetching url: https://www.nationalcityca.gov
INFO:root:fetching url: https://www.mynevadacounty.com
INFO:root:fetching url: https://www.newark.org
INFO:root:fetching url: http://www.cityofnewman.com
INFO:root:fetching url: http://www.nbpd.org
INFO:root:fetching url: https://www.novato.org
INFO:root:fetching url: https://www.oakdalegov.com
INFO:root:fetching url: https://www.oaklandca.gov
INFO:root:fetching url: https://www.ci.oakley.ca.us
INFO:root:fetching url: https://www.ci.oceanside.ca.us
INFO:root:fetching url: https://www.ohlone.edu
ERROR:root:caught article error: Article `download()` failed with 403 Client Error: Forbidden for url: https://www.ohlone.edu/ on URL https://www.ohlone.edu
INFO:root:fetching url: https://cityofontario.app.box.com
INFO:root:fetching url: http://orangecountyda.org
INFO:root:fetching url: https://www.ocsheriff.gov
INFO:root:fetching url: http://cityoforangecove.com
INFO:root:fetching url: https://citydocs.cityoforange.org
INFO:root:fetching url: http://cityoforland.com
INFO:root:fetching url: https://www.cityoforoville.org
INFO:root:fetching url: https://sites.google.com
INFO:root:fetching url: https://www.cityofpacificgrove.org
INFO:root:fetching url: https://www.cityofpacifica.org
INFO:root:fetching url: https://www.palmspringsca.gov
INFO:root:fetching url: https://www.cityofpaloalto.org
INFO:root:fetching url: https://www.pvestates.org
INFO:root:fetching url: https://www.townofparadise.com
ERROR:root:caught article error: Article `download()` failed with 403 Client Error: Forbidden - Reason: Your User-Agent is banned from this site. for url: https://www.townofparadise.com/ on URL https://www.townofparadise.com
INFO:root:fetching url: https://pasadena.edu
INFO:root:fetching url: https://www.cityofpasadena.net
INFO:root:fetching url: https://www.prcity.com
INFO:root:fetching url: https://cityofpetaluma.org
INFO:root:fetching url: https://www.ci.piedmont.ca.us
INFO:root:fetching url: http://pinoleca.hosted.civiclive.com
INFO:root:fetching url: https://accesspismo.pismobeach.org
INFO:root:fetching url: http://www.ci.pittsburg.ca.us
INFO:root:fetching url: http://placentia.org
INFO:root:fetching url: https://www.placer.ca.gov
INFO:root:fetching url: https://www.placer.ca.gov
INFO:root:fetching url: https://www.cityofplacerville.org
INFO:root:fetching url: http://www.ci.pleasant-hill.ca.us
INFO:root:fetching url: https://www.cityofpleasantonca.gov
INFO:root:fetching url: https://plumascounty.us
INFO:root:fetching url: https://www.pomonaca.gov
INFO:root:fetching url: https://www.ci.port-hueneme.ca.us
INFO:root:fetching url: http://www.ci.porterville.ca.us
INFO:root:fetching url: http://www.rbpd.org
INFO:root:fetching url: https://www.cityofredding.org
INFO:root:fetching url: https://www.cityofredlands.org
INFO:root:fetching url: https://www.redondo.org
INFO:root:fetching url: https://www.redwoodcity.org
INFO:root:fetching url: https://reedley.ca.gov
INFO:root:fetching url: https://rialtopolice.com
INFO:root:fetching url: https://www.ci.richmond.ca.us
INFO:root:fetching url: https://www.ridgecrest-ca.gov
INFO:root:fetching url: https://cityofriodell.ca.gov
WARNING:urllib3.connection:Certificate did not match expected hostname: cityofriodell.ca.gov. Certificate: {'subject': ((('countryName', 'US'),), (('stateOrProvinceName', 'Massachusetts'),), (('localityName', 'Boston'),), (('organizationName', 'Acquia Inc.'),), (('commonName', '*.enterprise-g1.acquia-sites.com'),)), 'issuer': ((('countryName', 'US'),), (('organizationName', 'DigiCert Inc'),), (('commonName', 'DigiCert Global G2 TLS RSA SHA256 2020 CA1'),)), 'version': 3, 'serialNumber': '03279CE716C480E5F74BEF18DA966CCE', 'notBefore': 'May  2 00:00:00 2023 GMT', 'notAfter': 'May 22 23:59:59 2024 GMT', 'subjectAltName': (('DNS', '*.enterprise-g1.acquia-sites.com'), ('DNS', 'enterprise-g1.acquia-sites.com')), 'OCSP': ('http://ocsp.digicert.com',), 'caIssuers': ('http://cacerts.digicert.com/DigiCertGlobalG2TLSRSASHA2562020CA1-1.crt',), 'crlDistributionPoints': ('http://crl3.digicert.com/DigiCertGlobalG2TLSRSASHA2562020CA1-1.crl', 'http://crl4.digicert.com/DigiCertGlobalG2TLSRSASHA2562020CA1-1.crl')}
ERROR:root:caught article error: Article `download()` failed with HTTPSConnectionPool(host='cityofriodell.ca.gov', port=443): Max retries exceeded with url: / (Caused by SSLError(CertificateError("hostname 'cityofriodell.ca.gov' doesn't match either of '*.enterprise-g1.acquia-sites.com', 'enterprise-g1.acquia-sites.com'"))) on URL https://cityofriodell.ca.gov
INFO:root:fetching url: https://riponpd.org
ERROR:root:caught article error: Article `download()` failed with HTTPSConnectionPool(host='riponpd.org', port=443): Max retries exceeded with url: / (Caused by SSLError(SSLCertVerificationError(1, '[SSL: CERTIFICATE_VERIFY_FAILED] certificate verify failed: unable to get local issuer certificate (_ssl.c:997)'))) on URL https://riponpd.org
INFO:root:fetching url: https://www.rccd.edu
INFO:root:fetching url: https://www.riversidesheriff.org
INFO:root:fetching url: https://riversideca.gov
INFO:root:fetching url: https://www.rocklin.ca.us
INFO:root:fetching url: https://www.rpcity.org
INFO:root:fetching url: http://www.roseville.ca.us
INFO:root:fetching url: https://www.townofross.org
ERROR:root:caught article error: Article `download()` failed with 403 Client Error: Forbidden - Reason: Your User-Agent is banned from this site. for url: https://www.townofross.org/ on URL https://www.townofross.org
INFO:root:fetching url: https://www.sacsheriff.com
INFO:root:fetching url: https://www.cityofsacramento.org
INFO:root:fetching url: https://www.cityofsthelena.org
ERROR:root:caught article error: Article `download()` failed with 403 Client Error: Forbidden - Reason: Your User-Agent is banned from this site. for url: https://www.cityofsthelena.org/ on URL https://www.cityofsthelena.org
INFO:root:fetching url: http://sbso.us
INFO:root:fetching url: https://wp.sbcounty.gov
INFO:root:fetching url: http://www.sbcity.org
INFO:root:fetching url: https://www.sanbruno.ca.gov
INFO:root:fetching url: https://www.sdsheriff.gov
INFO:root:fetching url: https://www.portofsandiego.org
INFO:root:fetching url: https://www.sandiego.gov
INFO:root:fetching url: https://ci.san-fernando.ca.us
INFO:root:fetching url: https://www.sfsheriff.com
INFO:root:fetching url: https://www.sanfranciscopolice.org
INFO:root:fetching url: https://www.sangabrielcity.com
INFO:root:fetching url: https://www.sjgov.org
INFO:root:fetching url: https://www.sjsheriff.org
INFO:root:fetching url: https://www.deltacollege.edu
INFO:root:fetching url: https://www.sjpd.org
INFO:root:fetching url: https://www.sanleandro.org
INFO:root:fetching url: http://www.slosheriff.org
INFO:root:fetching url: https://www.slocity.org
INFO:root:fetching url: https://www.cityofsanmarino.org
INFO:root:fetching url: https://www.smcsheriff.com
ERROR:root:caught article error: Article `download()` failed with HTTPSConnectionPool(host='www.smcsheriff.com', port=443): Max retries exceeded with url: / (Caused by SSLError(SSLCertVerificationError(1, '[SSL: CERTIFICATE_VERIFY_FAILED] certificate verify failed: unable to get local issuer certificate (_ssl.c:997)'))) on URL https://www.smcsheriff.com
INFO:root:fetching url: https://www.cityofsanmateo.org
INFO:root:fetching url: https://www.sanpabloca.gov
INFO:root:fetching url: https://www.srpd.org
INFO:root:fetching url: https://www.sanramon.ca.gov
INFO:root:fetching url: https://www.sandcity.org
INFO:root:fetching url: http://www.ci.sanger.ca.us
INFO:root:fetching url: https://www.santa-ana.org
INFO:root:fetching url: http://www.ci.sanger.ca.us
INFO:root:fetching url: https://www.sbsheriff.org
INFO:root:fetching url: https://www.santabarbaraca.gov
INFO:root:fetching url: https://countysheriff.sccgov.org
ERROR:root:caught article error: Article `download()` failed with 403 Client Error: Forbidden for url: https://countysheriff.sccgov.org/ on URL https://countysheriff.sccgov.org
INFO:root:fetching url: https://www.santaclaraca.gov
INFO:root:fetching url: http://datinternet.co.santa-cruz.ca.us
INFO:root:fetching url: http://www.scsheriff.com
INFO:root:fetching url: https://www.cityofsantacruz.com
INFO:root:fetching url: https://www.cityofwhittier.org
INFO:root:fetching url: https://www.cityofsantamaria.org
INFO:root:fetching url: https://www.santamonicapd.org
INFO:root:fetching url: https://spcity.org
INFO:root:fetching url: https://police.santarosa.edu
INFO:root:fetching url: https://srcity.org
INFO:root:fetching url: https://www.sausalito.gov
INFO:root:fetching url: https://www.scottsvalleypd.com
INFO:root:fetching url: https://www.sealbeachca.gov
INFO:root:fetching url: http://www.ci.seaside.ca.us
INFO:root:fetching url: https://ci.sebastopol.ca.us
INFO:root:fetching url: http://www.cityofselma.com
INFO:root:fetching url: https://www.shafter.com
INFO:root:fetching url: https://www.co.shasta.ca.us
ERROR:root:caught article error: Article `download()` failed with 403 Client Error: Forbidden - Reason: Your User-Agent is banned from this site. for url: https://www.shastacounty.gov on URL https://www.co.shasta.ca.us
INFO:root:fetching url: http://sierracounty.ca.gov
INFO:root:fetching url: https://www.cityofsierramadre.com
INFO:root:fetching url: https://www.cityofsignalhill.org
INFO:root:fetching url: https://www.simivalley.org
INFO:root:fetching url: https://www.co.siskiyou.ca.us
ERROR:root:caught article error: Article `download()` failed with 403 Client Error: Forbidden - Reason: Your User-Agent is banned from this site. for url: https://www.co.siskiyou.ca.us/ on URL https://www.co.siskiyou.ca.us
INFO:root:fetching url: https://www.solanocounty.com
INFO:root:fetching url: https://cityofsoledad.com
INFO:root:fetching url: https://sonomacounty.ca.gov
INFO:root:fetching url: https://www.sonomasheriff.org
INFO:root:fetching url: https://www.sonomasheriff.org
INFO:root:fetching url: https://www.sonorapd.com
INFO:root:fetching url: http://www.cityofsouthgate.org
INFO:root:fetching url: https://www.cityofslt.us
INFO:root:fetching url: https://www.southpasadenaca.gov
INFO:root:fetching url: https://www.ssf.net
INFO:root:fetching url: https://www.swccd.edu
INFO:root:fetching url: https://police.stanford.edu
INFO:root:fetching url: https://www.scsdonline.com
INFO:root:fetching url: http://ww1.stocktonca.gov
INFO:root:fetching url: https://police.suisun.com
INFO:root:fetching url: https://sunnyvale.ca.gov
INFO:root:fetching url: https://www.suttercounty.org
INFO:root:fetching url: https://www.cityoftaft.org
INFO:root:fetching url: https://www.liveuptehachapi.com/29/Tehachapi-Police-Department
INFO:root:fetching url: https://tehamaso.org
INFO:root:fetching url: http://www.townoftiburon.org/159/Police
INFO:root:fetching url: https://www.torranceca.gov/our-city/police
INFO:root:fetching url: https://www.cityoftracy.org/our-city/departments/police-department
INFO:root:fetching url: https://www.trinitycounty.org/Sheriff-Department
INFO:root:fetching url: https://www.truckeepolice.com
INFO:root:fetching url: https://tularecounty.ca.gov
INFO:root:fetching url: https://www.tulare.ca.gov/government/departments/police
INFO:root:fetching url: https://www.tuolumnecounty.ca.gov/341/Sheriffs-Office
INFO:root:fetching url: https://www.cityofturlock.org/policedepartment/index.asp
INFO:root:fetching url: https://www.tustinca.org
INFO:root:fetching url: https://www.twinriversusd.org
INFO:root:fetching url: https://ucpd.berkeley.edu
INFO:root:fetching url: https://police.ucdavis.edu
INFO:root:fetching url: https://www.police.uci.edu
INFO:root:fetching url: https://www.police.ucla.edu
INFO:root:fetching url: https://police.ucmerced.edu
INFO:root:fetching url: https://police.ucr.edu
INFO:root:fetching url: http://police.ucsd.edu
INFO:root:fetching url: https://police.ucsf.edu
INFO:root:fetching url: https://www.police.ucsb.edu
INFO:root:fetching url: https://police.ucsc.edu
ERROR:root:caught article error: Article `download()` failed with HTTPSConnectionPool(host='police.ucsc.edu', port=443): Max retries exceeded with url: / (Caused by ConnectTimeoutError(<urllib3.connection.HTTPSConnection object at 0x0000027CA8A9BE50>, 'Connection to police.ucsc.edu timed out. (connect timeout=7)')) on URL https://police.ucsc.edu
INFO:root:fetching url: https://www.ukiahpolice.com
INFO:root:fetching url: https://www.unioncity.org/197/Police
INFO:root:fetching url: https://www.uplandca.gov
INFO:root:fetching url: https://www.ci.vacaville.ca.us
INFO:root:fetching url: https://vallejopd.net
INFO:root:fetching url: https://www.vcccd.edu
INFO:root:fetching url: https://www.vcdistrictattorney.com
INFO:root:fetching url: https://www.venturasheriff.org
INFO:root:fetching url: https://www.cityofventura.ca.gov
INFO:root:fetching url: http://www.cityofvernon.org
INFO:root:fetching url: http://www.vvc.edu
INFO:root:fetching url: https://www.visalia.city/depts/police/default.asp
ERROR:root:caught article error: Article `download()` failed with 403 Client Error: Forbidden for url: https://www.visalia.city/depts/police/default.asp on URL https://www.visalia.city/depts/police/default.asp
INFO:root:fetching url: https://www.walnut-creek.org/departments/public-safety/police
INFO:root:fetching url: https://www.cityofwatsonville.org/2324/Police
INFO:root:fetching url: https://www.ci.weed.ca.us/police
INFO:root:fetching url: http://www.west-comm.org
INFO:root:fetching url: https://wcpd.org
INFO:root:fetching url: https://www.cityofwestsacramento.org/government/departments/police
INFO:root:fetching url: https://wvm.edu/services/police/Pages/default.aspx
INFO:root:fetching url: https://www.westminster-ca.gov/departments/police
INFO:root:fetching url: http://www.wheatland.ca.gov/departments/police/
INFO:root:fetching url: https://www.cityofwhittier.org/government/police
INFO:root:fetching url: http://cityofwillits.org/148/Police
INFO:root:fetching url: https://www.townofwindsor.com/174/Police-Department
INFO:root:fetching url: http://www.winterspolice.org
INFO:root:fetching url: https://www.cityofwoodland.org
INFO:root:fetching url: https://yoloda.org
INFO:root:fetching url: https://www.yolocountysheriff.com
INFO:root:fetching url: http://www.ci.yreka.ca.us
INFO:root:fetching url: https://www.yubacity.net/city_hall/departments/police_department
INFO:root:fetching url: https://sheriff.co.yuba.ca.us
ERROR:root:caught article error: Article `download()` failed with HTTPSConnectionPool(host='sheriff.co.yuba.ca.us', port=443): Max retries exceeded with url: / (Caused by SSLError(SSLCertVerificationError(1, '[SSL: CERTIFICATE_VERIFY_FAILED] certificate verify failed: certificate has expired (_ssl.c:997)'))) on URL https://sheriff.co.yuba.ca.us
